# JRE version: Java(TM) SE Runtime Environment (17.0.12+8) (build 17.0.12+8-LTS-286)
# Java VM: Java HotSpot(TM) 64-Bit Server VM (17.0.12+8-LTS-286, mixed mode, emulated-client, sharing, tiered, compressed oops, compressed class ptrs, g1 gc, windows-amd64)
GC Precious Log:
 CPUs: 4 total, 4 available
 Memory: 3877M
 Large Page Support: Disabled
 NUMA Support: Disabled
 Compressed Oops: Enabled (32-bit)
 Heap Region Size: 1M
 Heap Min Capacity: 8M
 Heap Initial Capacity: 62M
 Heap Max Capacity: 970M
 Pre-touch: Disabled
 Parallel Workers: 4
 Concurrent Workers: 1
 Concurrent Refinement Workers: 4
 Periodic GC: Disabled
Heap:
 garbage-first heap   total 63488K, used 32058K [0x00000000c3600000, 0x0000000100000000)
  region size 1024K, 3 young (3072K), 3 survivors (3072K)
 Metaspace       used 52366K, committed 52864K, reserved 1114112K
  class space    used 7214K, committed 7424K, reserved 1048576K
GC Heap History (20 events):
Event: 10.626 GC heap after
{Heap after GC invocations=7 (full 0):
 garbage-first heap   total 63488K, used 18320K [0x00000000c3600000, 0x0000000100000000)
  region size 1024K, 4 young (4096K), 4 survivors (4096K)
 Metaspace       used 21197K, committed 21504K, reserved 1114112K
  class space    used 2895K, committed 3072K, reserved 1048576K
}
Event: 11.955 GC heap before
{Heap before GC invocations=8 (full 0):
 garbage-first heap   total 63488K, used 48016K [0x00000000c3600000, 0x0000000100000000)
  region size 1024K, 31 young (31744K), 4 survivors (4096K)
 Metaspace       used 24354K, committed 24768K, reserved 1114112K
  class space    used 3368K, committed 3584K, reserved 1048576K
}
Event: 11.964 GC heap after
{Heap after GC invocations=9 (full 0):
 garbage-first heap   total 63488K, used 23922K [0x00000000c3600000, 0x0000000100000000)
  region size 1024K, 4 young (4096K), 4 survivors (4096K)
 Metaspace       used 24354K, committed 24768K, reserved 1114112K
  class space    used 3368K, committed 3584K, reserved 1048576K
}
Event: 11.985 GC heap before
{Heap before GC invocations=9 (full 0):
 garbage-first heap   total 63488K, used 26994K [0x00000000c3600000, 0x0000000100000000)
  region size 1024K, 5 young (5120K), 4 survivors (4096K)
 Metaspace       used 24365K, committed 24768K, reserved 1114112K
  class space    used 3369K, committed 3584K, reserved 1048576K
}
Event: 11.995 GC heap after
{Heap after GC invocations=10 (full 0):
 garbage-first heap   total 63488K, used 26466K [0x00000000c3600000, 0x0000000100000000)
  region size 1024K, 1 young (1024K), 1 survivors (1024K)
 Metaspace       used 24365K, committed 24768K, reserved 1114112K
  class space    used 3369K, committed 3584K, reserved 1048576K
}
Event: 12.298 GC heap before
{Heap before GC invocations=10 (full 0):
 garbage-first heap   total 63488K, used 46946K [0x00000000c3600000, 0x0000000100000000)
  region size 1024K, 20 young (20480K), 1 survivors (1024K)
 Metaspace       used 26224K, committed 26560K, reserved 1114112K
  class space    used 3574K, committed 3776K, reserved 1048576K
}
Event: 12.301 GC heap after
{Heap after GC invocations=11 (full 0):
 garbage-first heap   total 63488K, used 26287K [0x00000000c3600000, 0x0000000100000000)
  region size 1024K, 2 young (2048K), 2 survivors (2048K)
 Metaspace       used 26224K, committed 26560K, reserved 1114112K
  class space    used 3574K, committed 3776K, reserved 1048576K
}
Event: 12.705 GC heap before
{Heap before GC invocations=11 (full 0):
 garbage-first heap   total 63488K, used 45743K [0x00000000c3600000, 0x0000000100000000)
  region size 1024K, 21 young (21504K), 2 survivors (2048K)
 Metaspace       used 29137K, committed 29504K, reserved 1114112K
  class space    used 3966K, committed 4160K, reserved 1048576K
}
Event: 12.708 GC heap after
{Heap after GC invocations=12 (full 0):
 garbage-first heap   total 63488K, used 27283K [0x00000000c3600000, 0x0000000100000000)
  region size 1024K, 3 young (3072K), 3 survivors (3072K)
 Metaspace       used 29137K, committed 29504K, reserved 1114112K
  class space    used 3966K, committed 4160K, reserved 1048576K
}
Event: 13.037 GC heap before
{Heap before GC invocations=12 (full 0):
 garbage-first heap   total 63488K, used 47763K [0x00000000c3600000, 0x0000000100000000)
  region size 1024K, 23 young (23552K), 3 survivors (3072K)
 Metaspace       used 32915K, committed 33344K, reserved 1114112K
  class space    used 4601K, committed 4800K, reserved 1048576K
}
Event: 13.041 GC heap after
{Heap after GC invocations=13 (full 0):
 garbage-first heap   total 63488K, used 28052K [0x00000000c3600000, 0x0000000100000000)
  region size 1024K, 2 young (2048K), 2 survivors (2048K)
 Metaspace       used 32915K, committed 33344K, reserved 1114112K
  class space    used 4601K, committed 4800K, reserved 1048576K
}
Event: 13.283 GC heap before
{Heap before GC invocations=13 (full 0):
 garbage-first heap   total 63488K, used 36244K [0x00000000c3600000, 0x0000000100000000)
  region size 1024K, 11 young (11264K), 2 survivors (2048K)
 Metaspace       used 35538K, committed 35968K, reserved 1114112K
  class space    used 4903K, committed 5120K, reserved 1048576K
}
Event: 13.286 GC heap after
{Heap after GC invocations=14 (full 0):
 garbage-first heap   total 63488K, used 29481K [0x00000000c3600000, 0x0000000100000000)
  region size 1024K, 3 young (3072K), 3 survivors (3072K)
 Metaspace       used 35538K, committed 35968K, reserved 1114112K
  class space    used 4903K, committed 5120K, reserved 1048576K
}
Event: 13.857 GC heap before
{Heap before GC invocations=15 (full 0):
 garbage-first heap   total 63488K, used 46889K [0x00000000c3600000, 0x0000000100000000)
  region size 1024K, 22 young (22528K), 3 survivors (3072K)
 Metaspace       used 41381K, committed 41856K, reserved 1114112K
  class space    used 5662K, committed 5888K, reserved 1048576K
}
Event: 13.861 GC heap after
{Heap after GC invocations=16 (full 0):
 garbage-first heap   total 63488K, used 28588K [0x00000000c3600000, 0x0000000100000000)
  region size 1024K, 3 young (3072K), 3 survivors (3072K)
 Metaspace       used 41381K, committed 41856K, reserved 1114112K
  class space    used 5662K, committed 5888K, reserved 1048576K
}
Event: 14.224 GC heap before
{Heap before GC invocations=17 (full 0):
 garbage-first heap   total 63488K, used 48044K [0x00000000c3600000, 0x0000000100000000)
  region size 1024K, 23 young (23552K), 3 survivors (3072K)
 Metaspace       used 45221K, committed 45696K, reserved 1114112K
  class space    used 6127K, committed 6336K, reserved 1048576K
}
Event: 14.228 GC heap after
{Heap after GC invocations=18 (full 0):
 garbage-first heap   total 63488K, used 29774K [0x00000000c3600000, 0x0000000100000000)
  region size 1024K, 3 young (3072K), 3 survivors (3072K)
 Metaspace       used 45221K, committed 45696K, reserved 1114112K
  class space    used 6127K, committed 6336K, reserved 1048576K
}
Event: 14.574 GC heap before
{Heap before GC invocations=18 (full 0):
 garbage-first heap   total 63488K, used 50254K [0x00000000c3600000, 0x0000000100000000)
  region size 1024K, 23 young (23552K), 3 survivors (3072K)
 Metaspace       used 49181K, committed 49664K, reserved 1114112K
  class space    used 6799K, committed 7040K, reserved 1048576K
}
Event: 14.577 GC heap after
{Heap after GC invocations=19 (full 0):
 garbage-first heap   total 63488K, used 30440K [0x00000000c3600000, 0x0000000100000000)
  region size 1024K, 2 young (2048K), 2 survivors (2048K)
 Metaspace       used 49181K, committed 49664K, reserved 1114112K
  class space    used 6799K, committed 7040K, reserved 1048576K
}
Event: 15.352 GC heap before
{Heap before GC invocations=19 (full 0):
 garbage-first heap   total 63488K, used 50920K [0x00000000c3600000, 0x0000000100000000)
  region size 1024K, 22 young (22528K), 2 survivors (2048K)
 Metaspace       used 52366K, committed 52864K, reserved 1114112K
  class space    used 7214K, committed 7424K, reserved 1048576K
}

